SELECT userid, adminid, user_name, user_rank, discount, email, data, expiry FROM `qdm0330101_db`.`ecs_sessions` WHERE sesskey = 'cf912ca9bc24100376b6f638e0d83365'

SELECT data, expiry FROM `qdm0330101_db`.`ecs_sessions_data` WHERE sesskey = 'cf912ca9bc24100376b6f638e0d83365'

DELETE FROM `qdm0330101_db`.`ecs_sessions_data` WHERE expiry < 1417802946

DELETE FROM `qdm0330101_db`.`ecs_sessions` WHERE expiry < 1417802946

SELECT userid, adminid, user_name, user_rank, discount, email, data, expiry FROM `qdm0330101_db`.`ecs_sessions` WHERE sesskey = 'cf912ca9bc24100376b6f638e0d83365'

SELECT data, expiry FROM `qdm0330101_db`.`ecs_sessions_data` WHERE sesskey = 'cf912ca9bc24100376b6f638e0d83365'

SELECT code, value FROM `qdm0330101_db`.`ecs_shop_config` WHERE parent_id > 0

DELETE FROM `qdm0330101_db`.`ecs_sessions` WHERE expiry < 1417802952

SELECT code, value FROM `qdm0330101_db`.`ecs_shop_config` WHERE parent_id > 0

SELECT userid, adminid, user_name, user_rank, discount, email, data, expiry FROM `qdm0330101_db`.`ecs_sessions` WHERE sesskey = '931c8ac830d07ae2bfe5885565c21a2a'

SELECT c.cat_id, c.cat_name, c.measure_unit, c.parent_id, c.is_show, c.show_in_nav, c.grade, c.sort_order, COUNT(s.cat_id) AS has_children FROM `qdm0330101_db`.`ecs_category` AS c LEFT JOIN `qdm0330101_db`.`ecs_category` AS s ON s.parent_id=c.cat_id GROUP BY c.cat_id ORDER BY c.parent_id, c.sort_order ASC

SELECT cat_id, COUNT(*) AS goods_num  FROM `qdm0330101_db`.`ecs_goods` WHERE is_delete = 0 AND is_on_sale = 1  GROUP BY cat_id

SELECT gc.cat_id, COUNT(*) AS goods_num  FROM `qdm0330101_db`.`ecs_goods_cat` AS gc , `qdm0330101_db`.`ecs_goods` AS g  WHERE g.goods_id = gc.goods_id AND g.is_delete = 0 AND g.is_on_sale = 1  GROUP BY gc.cat_id

SELECT * FROM `qdm0330101_db`.`ecs_nav`
            WHERE ifshow = '1' ORDER BY type, vieworder

SELECT count(*) FROM `qdm0330101_db`.`ecs_category` WHERE parent_id = '0' AND is_show = 1 

SELECT cat_id,cat_name ,parent_id,is_show FROM `qdm0330101_db`.`ecs_category`WHERE parent_id = '0' AND is_show = 1 ORDER BY sort_order ASC, cat_id ASC

SELECT count(*) FROM `qdm0330101_db`.`ecs_category` WHERE parent_id = '31' AND is_show = 1 

SELECT cat_id, cat_name, parent_id, is_show FROM `qdm0330101_db`.`ecs_category`WHERE parent_id = '31' AND is_show = 1 ORDER BY sort_order ASC, cat_id ASC

SELECT count(*) FROM `qdm0330101_db`.`ecs_category` WHERE parent_id = '32' AND is_show = 1 

SELECT count(*) FROM `qdm0330101_db`.`ecs_category` WHERE parent_id = '33' AND is_show = 1 

SELECT count(*) FROM `qdm0330101_db`.`ecs_category` WHERE parent_id = '34' AND is_show = 1 

SELECT count(*) FROM `qdm0330101_db`.`ecs_category` WHERE parent_id = '51' AND is_show = 1 

SELECT count(*) FROM `qdm0330101_db`.`ecs_category` WHERE parent_id = '53' AND is_show = 1 

SELECT count(*) FROM `qdm0330101_db`.`ecs_category` WHERE parent_id = '92' AND is_show = 1 

SELECT count(*) FROM `qdm0330101_db`.`ecs_category` WHERE parent_id = '1' AND is_show = 1 

SELECT cat_id, cat_name, parent_id, is_show FROM `qdm0330101_db`.`ecs_category`WHERE parent_id = '1' AND is_show = 1 ORDER BY sort_order ASC, cat_id ASC

SELECT count(*) FROM `qdm0330101_db`.`ecs_category` WHERE parent_id = '2' AND is_show = 1 

SELECT count(*) FROM `qdm0330101_db`.`ecs_category` WHERE parent_id = '3' AND is_show = 1 

SELECT count(*) FROM `qdm0330101_db`.`ecs_category` WHERE parent_id = '4' AND is_show = 1 

SELECT count(*) FROM `qdm0330101_db`.`ecs_category` WHERE parent_id = '5' AND is_show = 1 

SELECT count(*) FROM `qdm0330101_db`.`ecs_category` WHERE parent_id = '6' AND is_show = 1 

SELECT count(*) FROM `qdm0330101_db`.`ecs_category` WHERE parent_id = '7' AND is_show = 1 

SELECT count(*) FROM `qdm0330101_db`.`ecs_category` WHERE parent_id = '8' AND is_show = 1 

SELECT count(*) FROM `qdm0330101_db`.`ecs_category` WHERE parent_id = '50' AND is_show = 1 

SELECT count(*) FROM `qdm0330101_db`.`ecs_category` WHERE parent_id = '52' AND is_show = 1 

SELECT count(*) FROM `qdm0330101_db`.`ecs_category` WHERE parent_id = '74' AND is_show = 1 

SELECT count(*) FROM `qdm0330101_db`.`ecs_category` WHERE parent_id = '75' AND is_show = 1 

SELECT count(*) FROM `qdm0330101_db`.`ecs_category` WHERE parent_id = '76' AND is_show = 1 

SELECT count(*) FROM `qdm0330101_db`.`ecs_category` WHERE parent_id = '9' AND is_show = 1 

SELECT cat_id, cat_name, parent_id, is_show FROM `qdm0330101_db`.`ecs_category`WHERE parent_id = '9' AND is_show = 1 ORDER BY sort_order ASC, cat_id ASC

SELECT count(*) FROM `qdm0330101_db`.`ecs_category` WHERE parent_id = '10' AND is_show = 1 

SELECT count(*) FROM `qdm0330101_db`.`ecs_category` WHERE parent_id = '11' AND is_show = 1 

SELECT count(*) FROM `qdm0330101_db`.`ecs_category` WHERE parent_id = '12' AND is_show = 1 

SELECT cat_id, cat_name, parent_id, is_show FROM `qdm0330101_db`.`ecs_category`WHERE parent_id = '12' AND is_show = 1 ORDER BY sort_order ASC, cat_id ASC

SELECT count(*) FROM `qdm0330101_db`.`ecs_category` WHERE parent_id = '13' AND is_show = 1 

SELECT count(*) FROM `qdm0330101_db`.`ecs_category` WHERE parent_id = '15' AND is_show = 1 

SELECT count(*) FROM `qdm0330101_db`.`ecs_category` WHERE parent_id = '16' AND is_show = 1 

SELECT count(*) FROM `qdm0330101_db`.`ecs_category` WHERE parent_id = '18' AND is_show = 1 

SELECT count(*) FROM `qdm0330101_db`.`ecs_category` WHERE parent_id = '21' AND is_show = 1 

SELECT count(*) FROM `qdm0330101_db`.`ecs_category` WHERE parent_id = '24' AND is_show = 1 

SELECT count(*) FROM `qdm0330101_db`.`ecs_category` WHERE parent_id = '25' AND is_show = 1 

SELECT count(*) FROM `qdm0330101_db`.`ecs_category` WHERE parent_id = '27' AND is_show = 1 

SELECT count(*) FROM `qdm0330101_db`.`ecs_category` WHERE parent_id = '28' AND is_show = 1 

SELECT count(*) FROM `qdm0330101_db`.`ecs_category` WHERE parent_id = '29' AND is_show = 1 

SELECT count(*) FROM `qdm0330101_db`.`ecs_category` WHERE parent_id = '30' AND is_show = 1 

SELECT count(*) FROM `qdm0330101_db`.`ecs_category` WHERE parent_id = '35' AND is_show = 1 

SELECT count(*) FROM `qdm0330101_db`.`ecs_category` WHERE parent_id = '37' AND is_show = 1 

SELECT count(*) FROM `qdm0330101_db`.`ecs_category` WHERE parent_id = '54' AND is_show = 1 

SELECT count(*) FROM `qdm0330101_db`.`ecs_category` WHERE parent_id = '36' AND is_show = 1 

SELECT cat_id, cat_name, parent_id, is_show FROM `qdm0330101_db`.`ecs_category`WHERE parent_id = '36' AND is_show = 1 ORDER BY sort_order ASC, cat_id ASC

SELECT count(*) FROM `qdm0330101_db`.`ecs_category` WHERE parent_id = '38' AND is_show = 1 

SELECT count(*) FROM `qdm0330101_db`.`ecs_category` WHERE parent_id = '39' AND is_show = 1 

SELECT count(*) FROM `qdm0330101_db`.`ecs_category` WHERE parent_id = '40' AND is_show = 1 

SELECT count(*) FROM `qdm0330101_db`.`ecs_category` WHERE parent_id = '41' AND is_show = 1 

SELECT count(*) FROM `qdm0330101_db`.`ecs_category` WHERE parent_id = '42' AND is_show = 1 

SELECT count(*) FROM `qdm0330101_db`.`ecs_category` WHERE parent_id = '43' AND is_show = 1 

SELECT count(*) FROM `qdm0330101_db`.`ecs_category` WHERE parent_id = '46' AND is_show = 1 

SELECT count(*) FROM `qdm0330101_db`.`ecs_category` WHERE parent_id = '48' AND is_show = 1 

SELECT count(*) FROM `qdm0330101_db`.`ecs_category` WHERE parent_id = '49' AND is_show = 1 

SELECT count(*) FROM `qdm0330101_db`.`ecs_category` WHERE parent_id = '61' AND is_show = 1 

SELECT cat_id, cat_name, parent_id, is_show FROM `qdm0330101_db`.`ecs_category`WHERE parent_id = '61' AND is_show = 1 ORDER BY sort_order ASC, cat_id ASC

SELECT count(*) FROM `qdm0330101_db`.`ecs_category` WHERE parent_id = '63' AND is_show = 1 

SELECT count(*) FROM `qdm0330101_db`.`ecs_category` WHERE parent_id = '77' AND is_show = 1 

SELECT cat_id, cat_name, parent_id, is_show FROM `qdm0330101_db`.`ecs_category`WHERE parent_id = '77' AND is_show = 1 ORDER BY sort_order ASC, cat_id ASC

SELECT count(*) FROM `qdm0330101_db`.`ecs_category` WHERE parent_id = '78' AND is_show = 1 

SELECT cat_id, cat_name, parent_id, is_show FROM `qdm0330101_db`.`ecs_category`WHERE parent_id = '78' AND is_show = 1 ORDER BY sort_order ASC, cat_id ASC

SELECT count(*) FROM `qdm0330101_db`.`ecs_category` WHERE parent_id = '79' AND is_show = 1 

SELECT count(*) FROM `qdm0330101_db`.`ecs_category` WHERE parent_id = '89' AND is_show = 1 

SELECT count(*) FROM `qdm0330101_db`.`ecs_category` WHERE parent_id = '82' AND is_show = 1 

SELECT count(*) FROM `qdm0330101_db`.`ecs_category` WHERE parent_id = '83' AND is_show = 1 

SELECT count(*) FROM `qdm0330101_db`.`ecs_category` WHERE parent_id = '84' AND is_show = 1 

SELECT count(*) FROM `qdm0330101_db`.`ecs_category` WHERE parent_id = '85' AND is_show = 1 

SELECT count(*) FROM `qdm0330101_db`.`ecs_category` WHERE parent_id = '86' AND is_show = 1 

SELECT count(*) FROM `qdm0330101_db`.`ecs_category` WHERE parent_id = '87' AND is_show = 1 

SELECT count(*) FROM `qdm0330101_db`.`ecs_category` WHERE parent_id = '88' AND is_show = 1 

SELECT count(*) FROM `qdm0330101_db`.`ecs_category` WHERE parent_id = '90' AND is_show = 1 

SELECT count(*) FROM `qdm0330101_db`.`ecs_category` WHERE parent_id = '91' AND is_show = 1 

SELECT c.cat_id, c.cat_name, c.sort_order, a.article_id, a.title, a.file_url, a.open_type FROM `qdm0330101_db`.`ecs_article` AS a LEFT JOIN `qdm0330101_db`.`ecs_article_cat` AS c ON a.cat_id = c.cat_id WHERE c.cat_type = 5 AND a.is_open = 1 ORDER BY c.sort_order ASC, a.article_id

SELECT goods_id FROM `qdm0330101_db`.`ecs_goods_cat` AS g WHERE g.cat_id  IN ('31','51','32','92','33','53','34','62','56','59','60','57','58','1','7','75','4','52','8','76','5','2','50','6','74','3','36','48','44','41','38','49','45','42','39','46','43','40','12','13','28','25','22','18','35','29','37','23','15','30','27','24','21','54','16','64','68','65','72','73','69','66','70','67','71','80','81','9','10','11','61','63','77','84','78','79','89','91','88','85','82','86','83','90','87') 

SELECT g.goods_id, g.goods_name, g.shop_price, g.goods_thumb, SUM(og.goods_number) as goods_number FROM `qdm0330101_db`.`ecs_goods` AS g, `qdm0330101_db`.`ecs_order_info` AS o, `qdm0330101_db`.`ecs_order_goods` AS og WHERE g.is_on_sale = 1 AND g.is_alone_sale = 1 AND g.is_delete = 0 AND (g.cat_id  IN ('31','51','32','92','33','53','34','62','56','59','60','57','58','1','7','75','4','52','8','76','5','2','50','6','74','3','36','48','44','41','38','49','45','42','39','46','43','40','12','13','28','25','22','18','35','29','37','23','15','30','27','24','21','54','16','64','68','65','72','73','69','66','70','67','71','80','81','9','10','11','61','63','77','84','78','79','89','91','88','85','82','86','83','90','87')  OR g.goods_id IN ('850') )    AND g.goods_number > 0  AND og.order_id = o.order_id AND og.goods_id = g.goods_id AND (o.order_status = '1' OR o.order_status = '5') AND (o.pay_status = '2' OR o.pay_status = '1') AND (o.shipping_status = '1' OR o.shipping_status = '2') GROUP BY g.goods_id ORDER BY goods_number DESC, g.goods_id DESC LIMIT 10

SELECT g.goods_id, g.is_best, g.is_new, g.is_hot, g.is_promote, b.brand_name,g.sort_order  FROM `qdm0330101_db`.`ecs_goods` AS g  LEFT JOIN `qdm0330101_db`.`ecs_brand` AS b ON b.brand_id = g.brand_id  WHERE g.is_on_sale = 1 AND g.is_alone_sale = 1 AND g.is_delete = 0 AND (g.is_best = 1 OR g.is_new =1 OR g.is_hot = 1) ORDER BY g.sort_order, g.last_update DESC

SELECT library, number FROM `qdm0330101_db`.`ecs_template` WHERE theme = '2015' AND filename = 'index' AND remarks='' 

SELECT g.goods_id, g.goods_name, g.goods_name_style, g.market_price, g.shop_price AS org_price, g.promote_price, IFNULL(mp.user_price, g.shop_price * '1') AS shop_price, promote_start_date, promote_end_date, g.goods_brief, g.goods_thumb, g.goods_img, RAND() AS rnd FROM `qdm0330101_db`.`ecs_goods` AS g LEFT JOIN `qdm0330101_db`.`ecs_member_price` AS mp ON mp.goods_id = g.goods_id AND mp.user_rank = '0'  WHERE g.goods_id  IN ('2028','2029','2030','680','676','840','764','761','760')  ORDER BY g.sort_order, g.last_update DESC

SELECT g.goods_id, g.goods_name, g.goods_name_style, g.market_price, g.shop_price AS org_price, g.promote_price, IFNULL(mp.user_price, g.shop_price * '1') AS shop_price, promote_start_date, promote_end_date, g.goods_brief, g.goods_thumb, goods_img, b.brand_name, g.is_best, g.is_new, g.is_hot, g.is_promote, RAND() AS rnd FROM `qdm0330101_db`.`ecs_goods` AS g LEFT JOIN `qdm0330101_db`.`ecs_brand` AS b ON b.brand_id = g.brand_id LEFT JOIN `qdm0330101_db`.`ecs_member_price` AS mp ON mp.goods_id = g.goods_id AND mp.user_rank = '0' WHERE g.is_on_sale = 1 AND g.is_alone_sale = 1 AND g.is_delete = 0  AND g.is_promote = 1 AND promote_start_date <= '1417775965' AND promote_end_date >= '1417775965'  ORDER BY g.sort_order, g.last_update DESC LIMIT 4 

SELECT b.brand_id, b.brand_name, b.brand_logo, b.brand_desc, COUNT(*) AS goods_num, IF(b.brand_logo > '', '1', '0') AS tag FROM `qdm0330101_db`.`ecs_brand`AS b, `qdm0330101_db`.`ecs_goods` AS g WHERE g.brand_id = b.brand_id  AND is_show = 1  AND g.is_on_sale = 1 AND g.is_alone_sale = 1 AND g.is_delete = 0 GROUP BY b.brand_id HAVING goods_num > 0 ORDER BY tag DESC, b.sort_order ASC LIMIT 3 

SELECT act_id, act_name, act_type, start_time, end_time FROM `qdm0330101_db`.`ecs_goods_activity` WHERE is_finished=0 AND start_time <= '1417775965' AND end_time >= '1417775965'

SELECT act_id, act_range, act_range_ext, act_name, start_time, end_time FROM `qdm0330101_db`.`ecs_favourable_activity` WHERE start_time <= '1417775965' AND end_time >= '1417775965'

SELECT o.order_sn, o.invoice_no, s.shipping_code FROM `qdm0330101_db`.`ecs_order_info` AS o LEFT JOIN `qdm0330101_db`.`ecs_shipping` AS s ON s.shipping_id = o.shipping_id WHERE invoice_no > '' AND shipping_status = 1 ORDER BY shipping_time DESC LIMIT 10

SELECT a.article_id, a.title, ac.cat_name, a.add_time, a.file_url, a.open_type, ac.cat_id, ac.cat_name  FROM `qdm0330101_db`.`ecs_article` AS a, `qdm0330101_db`.`ecs_article_cat` AS ac WHERE a.is_open = 1 AND a.cat_id = ac.cat_id AND ac.cat_type = 1 ORDER BY a.article_type DESC, a.add_time DESC LIMIT 8

SELECT gb.act_id AS group_buy_id, gb.goods_id, gb.ext_info, gb.goods_name, g.goods_thumb, g.goods_img FROM `qdm0330101_db`.`ecs_goods_activity` AS gb, `qdm0330101_db`.`ecs_goods` AS g WHERE gb.act_type = '1' AND g.goods_id = gb.goods_id AND gb.start_time <= '1417775965' AND gb.end_time >= '1417775965' AND g.is_delete = 0 ORDER BY gb.act_id DESC LIMIT 3

SELECT a.act_id, a.goods_id, a.goods_name, a.ext_info, g.goods_thumb FROM `qdm0330101_db`.`ecs_goods_activity` AS a,`qdm0330101_db`.`ecs_goods` AS g WHERE a.goods_id = g.goods_id AND a.act_type = '2' AND a.is_finished = 0 AND a.start_time <= '1417775965' AND a.end_time >= '1417775965' AND g.is_delete = 0 ORDER BY a.start_time DESC LIMIT 3

SELECT ad_type, content, url FROM `qdm0330101_db`.`ecs_ad_custom` WHERE ad_status = 1 LIMIT 1

SELECT link_logo, link_name, link_url FROM `qdm0330101_db`.`ecs_friend_link` ORDER BY show_order

SELECT c.cat_id, c.cat_name, cr.recommend_type FROM `qdm0330101_db`.`ecs_cat_recommend` AS cr INNER JOIN `qdm0330101_db`.`ecs_category` AS c ON cr.cat_id=c.cat_id

SELECT id, number, type FROM `qdm0330101_db`.`ecs_template` WHERE filename = 'index' AND type > 0 AND remarks ='' AND theme='2015'

SELECT region, library, sort_order, id, number, type FROM `qdm0330101_db`.`ecs_template` WHERE theme = '2015' AND filename = 'index' AND type > 0 AND remarks='' ORDER BY region, library, sort_order

SELECT a.ad_id, a.position_id, a.media_type, a.ad_link, a.ad_code, a.ad_name, p.ad_width, p.ad_height, p.position_style, RAND() AS rnd FROM `qdm0330101_db`.`ecs_ad` AS a LEFT JOIN `qdm0330101_db`.`ecs_ad_position` AS p ON a.position_id = p.position_id WHERE enabled = 1 AND a.position_id = '' AND start_time <= '1417775965' AND end_time >= '1417775965' ORDER BY rnd LIMIT 1

UPDATE `qdm0330101_db`.`ecs_sessions` SET expiry = '1417804765', ip = '0.0.0.0', userid = '0', adminid = '0', user_name='0', user_rank='0', discount='1', email='0', data = 'a:3:{s:7:\"from_ad\";i:0;s:7:\"referer\";s:6:\"本站\";s:10:\"login_fail\";i:0;}' WHERE sesskey = '931c8ac830d07ae2bfe5885565c21a2a' LIMIT 1

DELETE FROM `qdm0330101_db`.`ecs_sessions_data` WHERE expiry < 1417802965

